0
56
69
86
149
230
316
352
392
395
468
561
651
690
735
755
778
845
850
906
981
997
1027
1056
1156
1229
1270
1344
1420
1426
1477
1501
1564
1655
1718
1719
1753
1803
1814
1824
1897
1993
2060
2109
2174
2191
2223
2315
2370
2377
2391
2451
2462
2465
2508
2559
2633
2638
2728
2738
2747
2786
2871
2879
2894
2955
3006
3019
3038
3106
3120
3184
3272
3342
3413
3430
3473
3512
3565
3657
3729
3769
3839
3887
3889
3976
4001
4054
4104
4168
4177
4220
4224
4287
4376
4380
4478
4526
4624
4722
4821
4850
4882
4932
4981
5049
5090
5092
5147
5193
5261
5313
5369
5434
5497
5534
5580
5631
5701
5720
5797
5861
5939
5975
5984
6004
6075
6127
6178
6181
6215
6250
6259
6266
6314
6342
6395
6441
6454
6465
6539
6576
6634
6698
6720
6782
6793
6807
6816
6863
6881
6979
6996
7052
7114
7115
7136
7214
7290
7359
7405
7475
7513
7533
7546
7600
7667
7742
7796
7856
7868
7908
7942
7967
7989
8030
8117
8128
8181
8232
8266
8297
8328
8380
8476
8505
8588
8598
8660
8715
8758
8780
8816
8878
8929
9006
9093
9149
9164
9178
9180
9215
9268
9310
9327
9339
9375
9437
9486
9523
9553
9590
9624
9656
9755
9838
9891
9968
10027
10058
10072
10081
10177
10208
10223
10308
10326
10389
10436
10531
10629
10682
10771
10816
10904
10911
10949
11025
11121
11204
11266
11329
11337
11348
11376
11377
11462
11561
11622
11700
11786
11799
11852
11919
11939
12035
12060
12105
12153
12225
12271
12285
12308
12336
12373
12457
12522
12523
12568
12640
12659
12668
12677
12758
12811
12848
12895
12945
12970
12996
13022
13110
13164
13215
13284
13337
13359
13453
13491
13536
13620
13687
13734
13779
13825
13865
13925
14009
14014
14053
14060
14144
14208
14246
14345
14348
14372
14471
14545
14604
14655
14657
14731
14796
14805
14831
14927
14946
14972
14983
15063
15065
15099
15172
15207
15296
15308
15332
15341
15412
15498
15564
15583
15592
15643
15683
15745
15779
15813
15822
15876
15965
16041
16139
16152
16211
16257
16261
16338
16372
16388
16477
16498
16585
16620
16684
16760
16852
16924
16976
17069
17164
17170
17263
17320
17326
17366
17393
17405
17466
17559
17619
17692
17699
17754
17832
17929
17990
18059
18154
18246
18295
18319
18343
18415
18507
18577
18663
18711
18796
18858
18934
18948
18975
18980
19067
19128
19147
19223
19284
19316
19348
19355
19374
19408
19489
19513
19556
19604
19655
19729
19771
19800
19828
19923
19937
19990
20027
20102
20196
20274
20355
20449
20506
20596
20643
20704
20791
20823
20875
20957
20969
20972
21043
21094
21172
21213
21220
21319
21358
21419
21508
21578
21619
21700
21783
21839
21852
21933
21967
22065
22066
22096
22149
22209
22287
22351
22415
22447
22489
22554
22648
22702
22737
22764
22847
22853
22859
22949
23035
23080
23173
23245
23301
23381
23386
23417
23508
23595
23651
23661
23761
23840
23893
23962
24060
24153
24232
24260
24349
24354
24368
24372
24384
24484
24534
24632
24731
24737
24766
24804
24889
24926
24960
25045
25060
25136
25209
25216
25307
25400
25428
25438
25512
25535
25631
25708
25735
25819
25840
25919
25981
26050
26064
26145
26163
26256
26257
26280
26291
26292
26305
26377
26385
26476
26487
26532
26582
26649
26670
26712
26767
26811
26906
26963
26967
27052
27069
27165
27249
27295
27317
27373
27392
27450
27524
27525
27553
27625
27718
27721
27732
27831
27885
27933
27949
27953
28002
28085
28090
28129
28202
28204
28268
28302
28313
28366
28461
28522
28539
28577
28663
28684
28724
28747
28760
28854
28864
28895
28990
28991
29064
29116
29152
29230
29288
29314
29353
29383
29402
29501
29514
29548
29562
29627
29703
29754
29757
29769
29802
29870
29895
29992
30084
30139
30157
30201
30227
30263
30306
30385
30406
30442
30459
30543
30603
30671
30718
30777
30828
30895
30984
31033
31082
31165
31183
31250
31335
31428
31475
31476
31548
31581
31627
31646
31652
31711
31716
31732
31744
31776
31816
31825
31857
31947
31977
31999
32037
32056
32072
32122
32133
32207
32295
32373
32458
32485
32496
32510
32573
32607
32651
32691
32759
32779
32846
32881
32937
33026
33053
33098
33129
33196
33221
33275
33303
33325
33391
33418
33469
33475
33516
33571
33659
33755
33790
33795
33884
33981
34066
34090
34170
34179
34184
34190
34277
34374
34403
34492
34542
34616
34678
34731
34796
34812
34878
34967
35030
35046
35065
35118
35126
35184
35267
35317
35365
35380
35398
35408
35434
35515
35545
35629
35635
35693
35751
35796
35799
35863
35877
35939
35944
35993
36058
36098
36166
36169
36177
36231
36330
36398
36419
36497
36583
36596
36692
36764
36793
36890
36891
36929
37008
37079
37135
37185
37209
37254
37337
37368
37455
37461
37465
37546
37550
37628
37661
37701
37788
37868
37930
37975
38030
38069
38123
38212
38236
38241
38263
38267
38357
38430
38530
38573
38645
38684
38722
38808
38854
38937
38982
39078
39109
39199
39249
39259
39294
39303
39399
39478
39500
39596
39616
39683
39699
39790
39818
39893
39968
40037
40050
40132
40200
40280
40312
40315
40373
40383
40467
40488
40548
40591
40602
40688
40720
40733
40770
40847
40894
40896
40944
40948
41010
41104
41143
41197
41293
41336
41426
41452
41473
41523
41610
41644
41673
41746
41798
41836
41923
41994
42089
42115
42170
42231
42328
42399
42471
42524
42555
42557
42572
42590
42638
42709
42751
42757
42762
42838
42899
42955
42963
43027
43035
43053
43071
43124
43167
43214
43299
43393
43466
43496
43574
43583
43661
43703
43754
43816
43825
43833
43855
43889
43892
43944
43949
43958
44020
44096
44164
44229
44271
44307
44373
44417
44512
44608
44625
44691
44728
44797
44866
44947
45010
45053
45130
45229
45254
45351
45389
45456
45462
45539
45592
45600
45607
45684
45761
45778
45788
45841
45844
45911
45962
46027
46120
46191
46282
46322
46410
46455
46527
46559
46589
46679
46753
46812
46900
46975
47044
47058
47059
47122
47210
47290
47335
47340
47403
47498
47572
47671
47705
47724
47803
47855
47868
47901
47961
47976
48058
48132
48176
48203
48289
48299
48314
48343
48403
48472
48564
48589
48685
48774
48866
48898
48992
49066
49142
49153
49221
49297
49360
49415
49514
49518
49617
49700
49707
49803
49882
49896
49970
50029
50116
50178
50235
50325
50373
50451
50494
50535
50626
50659
50739
50813
50828
50916
51012
51033
51125
51181
51274
51293
51338
51408
51416
51420
51502
51559
51588
51596
51683
51766
51776
51874
51969
52057
52097
52157
52235
52301
52311
52359
52459
52482
52566
52608
52659
52694
52780
52791
52803
52862
52936
52980
53058
53121
53147
53232
53311
53363
53442
53461
53531
53546
53553
53580
53599
53695
53723
53791
53886
53918
53972
54028
54100
54116
54213
54225
54239
54310
54378
54418
54423
54515
54615
54635
54723
54801
54844
54937
54988
55026
55064
55088
55122
55190
55229
55255
55347
55442
55517
55552
55557
55649
55738
55829
55921
55984
55998
56034
56072
56126
56189
56223
56292
56312
56318
56320
56331
56394
56431
56482
56566
56576
56668
56676
56767
56835
56851
56899
56984
57003
57026
57058
57066
57084
57149
57174
57243
57287
57325
57332
57431
57462
57532
57607
57609
57658
57690
57788
57873
57947
57982
58018
58023
58036
58096
58185
58284
58342
58407
58463
58517
58527
58542
58549
58615
58698
58772
58864
58902
58926
58998
59006
59053
59087
59096
59106
59201
59267
59349
59437
59453
59505
59590
59592
59622
59671
59706
59731
59831
59854
59904
59994
60061
60160
60184
60212
60245
60323
60329
60399
60471
60544
60601
60659
60679
60711
60772
60807
60808
60828
60892
60960
60974
61022
61030
61093
61176
61224
61306
61345
61358
61407
61431
61465
61517
61560
61640
61712
61740
61807
61818
61820
61857
61946
61973
62029
62030
62121
62185
62260
62338
62438
62509
62596
62618
62625
62724
62822
62851
62860
62878
62966
63032
63058
63084
63145
63155
63219
63256
63270
63297
63320
63400
63476
63519
63538
63615
63630
63633
63682
63782
63814
63838
63849
63867
63959
63992
64055
64125
64204
64243
64291
64353
64367
64454
64483
64527
64533
64565
64577
64591
64653
64672
64732
64761
64785
64794
64846
64933
65026
65082
65100
65153
65233
65259
65263
65320
65356
65409
65475
65496
65531
65588
65654
65673
65696
65753
65844
65894
65919
65949
66031
66095
66116
66179
66183
66197
66200
66255
66322
66375
66448
66490
66562
66655
66746
66831
66842
66847
66856
66933
66952
67008
67061
67152
67178
67185
67243
67262
67280
67333
67415
67468
67491
67508
67577
67580
67610
67686
67714
67784
67812
67876
67931
67971
68032
68102
68113
68192
68289
68290
68387
68400
68498
68538
68567
68605
68701
68781
68789
68886
68966
68970
69068
69072
69098
69113
69165
69248
69259
69353
69372
69445
69492
69511
69591
69625
69657
69756
69802
69876
69893
69930
69969
69974
69998
70050
70117
70190
70202
70211
70250
70290
70318
70373
70473
70556
70642
70675
70696
70703
70785
70813
70826
70878
70926
70928
70942
70995
71052
71064
71083
71176
71183
71212
71291
71389
71425
71473
71573
71613
71692
71726
71815
71905
71976
71978
71994
72052
72138
72150
72159
72171
72254
72352
72428
72475
72563
72645
72736
72812
72825
72831
72925
72934
72985
73006
73104
73155
73217
73270
73365
73409
73449
73481
73570
73667
73730
73764
73822
73867
73942
73948
74006
74063
74117
74134
74156
74207
74241
74330
74369
74456
74526
74581
74657
74673
74695
74765
74856
74896
74934
74952
74992
75007
75098
75112
75176
75225
75319
75373
75412
75493
75592
75625
75671
75725
75744
75824
75895
75949
76011
76100
76200
76298
76336
76369
76413
76421
76491
76574
76588
76685
76742
76801
76824
76835
76839
76879
76903
76987
76990
77084
77130
77139
77164
77176
77189
77221
77276
77283
77344
77362
77403
77472
77568
77578
77599
77610
77688
77712
77733
77817
77840
77875
77961
77969
78038
78117
78193
78227
78266
78330
78389
78439
78458
78471
78508
78596
78649
78707
78760
78802
78804
78851
78912
78918
78952
79026
79051
79101
79155
79236
79255
79285
79331
79364
79417
79495
79539
79591
79665
79758
79798
79830
79898
79905
79915
79917
79988
80063
80095
80107
80184
80210
80215
80290
80374
80461
80499
80557
80617
80678
80718
80775
80849
80869
80873
80952
81018
81097
81111
81188
81270
81338
81381
81453
81461
81557
81649
81700
81792
81831
81832
81874
81909
81923
81985
82049
82135
82179
82279
82293
82366
82374
82395
82437
82497
82515
82579
82608
82661
82754
82801
82819
82915
82970
83023
83079
83133
83222
83294
83382
83437
83440
83452
83493
83549
83639
83736
83797
83890
83975
84012
84023
84043
84130
84202
84249
84313
84341
84372
84408
84491
84531
84540
84563
84604
84618
84619
84704
84711
84809
84811
84868
84924
84996
85013
85068
85091
85190
85197
85223
85234
85288
85384
85484
85578
85608
85637
85717
85763
85765
85844
85851
85922
86020
86074
86166
86241
86274
86369
86463
86512
86548
86582
86636
86691
86699
86736
86762
86854
86877
86900
86984
86995
87091
87104
87153
87166
87192
87225
87315
87354
87387
87453
87523
87597
87610
87627
87701
87782
87879
87914
88009
88015
88072
88137
88157
88170
88259
88302
88372
88408
88420
88513
88555
88624
88698
88735
88813
88884
88970
88997
89057
89059
89087
89110
89115
89177
89277
89332
89352
89356
89433
89435
89460
89557
89617
89715
89765
89830
89832
89867
89900
89921
89922
89956
90032
90033
90041
90068
90164
90264
90338
90405
90443
90534
90601
90651
90652
90677
90772
90826
90916
90989
91039
91058
91096
91159
91165
91242
91318
91337
91365
91370
91467
91536
91563
91663
91757
91833
91931
92018
92055
92093
92152
92157
92165
92175
92190
92202
92215
92269
92300
92328
92400
92433
92519
92601
92605
92675
92756
92762
92781
92812
92893
92907
92936
92995
93055
93096
93169
93198
93287
93292
93303
93362
93429
93470
93513
93568
93575
93607
93660
93701
93748
93812
93871
93890
93969
94036
94039
94067
94158
94232
94325
94335
94434
94495
94524
94568
94638
94674
94709
94725
94769
94830
94904
94918
95002
95098
95168
95171
95202
95220
95221
95288
95367
95409
95479
95575
95583
95650
95687
95691
95757
95821
95833
95924
95925
95939
96005
96032
96060
96098
96164
96166
96193
96241
96269
96324
96418
96487
96568
96629
96728
96734
96820
96899
96994
97077
97110
97180
97213
97222
97318
97377
97407
97419
97507
97525
97557
97654
97752
97755
97802
97868
97942
97999
98094
98183
98266
98353
98424
98468
98516
98549
98588
98649
98740
98753
98769
98779
98844
98851
98934
98979
98982
99021
99026
99036
99115
99198
99220
99259
99279
99358
99435
99479
99496
99531
99597
99633
99719
99803
99888
99970
100070
100158
100250
100299
100367
100404
100424
100479
100531
100605
100614
100641
100735
100741
100810
100849
100896
100979
101000
101015
101048
101104
101176
101212
101233
101305
101311
101365
101371
101379
101446
101456
101488
101569
101602
101634
101724
101812
101877
101939
102027
102079
102098
102106
102199
102250
102291
102365
102388
102389
102481
102510
102548
102560
102592
102634
102643
102717
102720
102761
102822
102837
102910
102994
103074
103090
103185
103227
103286
103342
103417
103509
103577
103676
103693
103780
103845
103872
103914
103945
103988
104069
104161
104167
104243
104313
104368
104375
104432
104459
104470
104545
104566
104601
104668
104680
104776
104781
104833
104890
104939
104987
105047
105051
105096
105125
105197
105297
105382
105386
105436
105479
105547
105591
105682
105774
105800
105814
105837
105931
105973
106031
106051
106115
106160
106210
106268
106331
106368
106397
106419
106422
106437
106462
106480
106562
106563
106588
106635
106650
106743
106799
106890
106946
106966
107014
107105
107130
107230
107246
107309
107336
107431
107446
107479
107525
107610
107705
107790
107865
107899
107989
108041
108064
108142
108194
108226
108236
108326
108405
108455
108508
108558
108636
108692
108740
108821
108840
108895
108919
109010
109039
109050
109100
109136
109146
109168
109183
109217
109255
109319
109393
109472
109490
109552
109569
109661
109723
109769
109842
109890
109906
109995
110068
110078
110145
110215
110273
110280
110332
110352
110358
110452
110492
110571
110575
110624
110668
110671
110757
110792
110860
110900
110980
110992
111069
111070
111120
111215
111297
111366
111427
111444
111483
111560
111579
111590
111599
111666
111685
111741
111793
111881
111954
112007
112092
112156
112232
112303
112363
112408
112503
112559
112602
112634
112657
112739
112748
112831
112856
112950
113031
113035
113075
113078
113094
113110
113157
113222
113240
113321
113418
113484
113493
113570
113621
113681
113746
113779
113841
113882
113928
113983
114062
114079
114152
114220
114221
114237
114269
114287
114345
114395
114420
114495
114577
114582
114669
114721
114735
114809
114842
114937
114943
115035
115068
115074
115146
115245
115251
115253
115304
115363
115382
115427
115435
115530
115612
115652
115745
115819
115872
115914
115943
115944
116028
116038
116059
116126
116179
116232
116319
116411
116446
116523
116572
116622
116669
116765
116827
116918
117000
117071
117128
117173
117271
117359
117379
117468
117484
117580
117611
117663
117707
117792
117799
117876
117885
117971
118050
118119
118204
118245
118311
118393
118475
118503
118518
118603
118627
118712
118779
118822
118842
118879
118965
119016
119031
119117
119212
119287
119296
119365
119377
119472
119478
119515
119545
119562
119638
119699
119738
119806
119857
119863
119950
120034
120066
120069
120095
120106
120140
120203
120261
120361
120366
120445
120495
120537
120611
120700
120703
120712
120788
120866
120924
120930
120992
121077
121157
121227
121249
121346
121440
121491
121514
121545
121584
121654
121738
121828
121880
121954
122025
122070
122093
122169
122265
122322
122393
122482
122553
122597
122635
122667
122704
122747
122794
122851
122911
122920
122985
123003
123041
123067
123125
123203
123265
123358
123458
123467
123537
123574
123638
123696
123759
123847
123937
123990
124030
124089
124136
124141
124188
124192
124263
124342
124439
124472
124511
124607
124619
124705
124720
124723
124807
124833
124866
124903
124946
124972
125041
125073
125080
125177
125256
125337
125373
125427
125495
125521
125537
125635
125688
125712
125741
125764
125854
125856
125862
125920
125972
126072
126102
126172
126188
126276
126304
126335
126397
126406
126412
126488
126583
126638
126712
126745
126748
126789
126805
126890
126910
126921
126954
127019
127104
127192
127269
127288
127303
127348
127398
127462
127550
127558
127577
127620
127691
127777
127816
127892
127901
127902
127981
128011
128067
128082
128117
128150
128188
128257
128354
128366
128396
128453
128490
128574
128593
128625
128693
128745
128780
128821
128914
128925
128955
129039
129117
129118
129198
129281
129300
129349
129408
129429
129432
129496
129558
129564
129622
129623
129630
129667
129717
129781
129787
129797
129856
129956
130032
130036
130092
130184
130253
130329
130410
130435
130505
130537
130593
130627
130663
130668
130730
130817
130864
130918
130938
130997
131057
131131
131199
131257
131356
131389
131413
131496
131533
131537
131580
131595
131634
131707
131762
131795
131796
131880
131896
131956
132037
132058
132141
132161
132251
132279
132379
132400
132405
132407
132428
132518
132577
132676
132768
132779
132863
132949
132998
133053
133071
133078
133171
133270
133366
133436
133468
133534
133602
133623
133644
133647
133713
133783
133816
133874
133948
134014
134085
134160
134185
134272
134315
134360
134412
134435
134473
134485
134557
134596
134688
134711
134732
134785
134855
134946
134958
134997
135029
135104
135145
135162
135170
135256
135297
135380
135429
135457
135493
135550
135607
135676
135724
135748
135811
135879
135919
135939
135953
135986
135988
136040
136121
136137
136204
136216
136237
136253
136314
136342
136408
136412
136432
136458
136471
136492
136534
136554
136557
136616
136665
136696
136709
136760
136805
136875
136921
137017
137091
137124
137177
137196
137267
137357
137381
137413
137475
137498
137520
137584
137601
137631
137697
137739
137796
137819
137908
138005
138022
138076
138124
138145
138192
138211
138223
138269
138289
138376
138443
138506
138569
138579
138597
138650
138667
138675
138729
138774
138802
138844
138866
138895
138931
138982
139030
139086
139150
139239
139302
139391
139466
139546
139600
139680
139764
139830
139838
139935
139984
140077
140168
140236
140237
140296
140385
140404
140454
140464
140554
140572
140632
140642
140645
140651
140675
140680
140700
140770
140840
140926
141005
141078
141093
141183
141230
141234
141298
141324
141407
141452
141453
141529
141545
141597
141679
141700
141794
141867
141920
141980
142036
142076
142107
142173
142264
142312
142391
142487
142514
142575
142649
142745
142751
142849
142882
142894
142945
143024
143061
143075
143159
143179
143185
143251
143267
143327
143352
143435
143457
143553
143576
143626
143686
143715
143742
143752
143769
143822
143854
143888
143980
144027
144035
144101
144168
144247
144293
144380
144444
144507
144556
144582
144649
144677
144679
144752
144842
144939
144986
144991
145083
145150
145192
145281
145296
145299
145321
145371
145453
145472
145571
145656
145675
145729
145818
145862
145936
145988
146033
146071
146143
146206
146249
146259
146356
146440
146537
146561
146616
146714
146756
146772
146820
146830
146886
146958
146962
147059
147122
147128
147212
147302
147362
147378
147403
147500
147575
147670
147697
147790
147832
147837
147883
147946
147989
148064
148109
148149
148218
148305
148362
148410
148438
148476
148522
148603
148647
148734
148833
148913
149008
149031
