9104790409
1855807
1855807
3465552
3465552
15568851
15568851
18439603
18439603
24920341
24920341
31947193
31947193
42924072
42924072
44064599
44064599
52009384
52009384
59495235
59495235
68760947
68760947
71953271
71953271
74034192
74034192
75078067
75078067
79660516
79660516
87478508
87478508
98143150
98143150
100817675
100817675
109604661
109604661
111632029
111632029
121962843
121962843
123684127
123684127
127217218
127217218
130690453
130690453
134968798
134968798
142815433
142815433
149811385
149811385
150664038
150664038
162006268
162006268
171797533
171797533
175607960
175607960
180479517
180479517
183180815
183180815
190932225
190932225
198605664
198605664
200397538
200397538
212275838
212275838
212901591
212901591
221815203
221815203
228046989
228046989
230679268
230679268
231773909
231773909
240347123
240347123
252049585
252049585
257791340
257791340
262398756
262398756
263535434
263535434
268703358
268703358
277056493
277056493
279299764
279299764
289747972
289747972
290940497
290940497
299677699
299677699
307597496
307597496
315828580
315828580
322473446
322473446
328031204
328031204
339359231
339359231
348891508
348891508
355628713
355628713
356575727
356575727
360541991
360541991
368731934
368731934
379542667
379542667
380572010
380572010
386243027
386243027
388684297
388684297
393042340
393042340
399445344
399445344
410839960
410839960
420355068
420355068
423703115
423703115
431099908
431099908
436733918
436733918
436811989
436811989
438542054
438542054
443286101
443286101
450458493
450458493
458239293
458239293
460094255
460094255
465649522
465649522
471769744
471769744
478858874
478858874
489077254
489077254
495391621
495391621
498388156
498388156
498937679
498937679
499080584
499080584
503044404
503044404
514034462
514034462
516928970
516928970
517447685
517447685
528562638
528562638
534113240
534113240
541695506
541695506
553237384
553237384
560843462
560843462
569006572
569006572
569276130
569276130
570624041
570624041
578017921
578017921
588015324
588015324
592426243
592426243
603105479
603105479
611643511
611643511
615611874
615611874
621082922
621082922
627627741
627627741
637579978
637579978
641481937
641481937
653637811
653637811
654692624
654692624
665014324
665014324
677132794
677132794
679705310
679705310
680848325
680848325
689180288
689180288
698509610
698509610
707392746
707392746
709484489
709484489
716966146
716966146
718994799
718994799
727800978
727800978
733684568
733684568
744035091
744035091
753676991
753676991
765089169
765089169
765943196
765943196
771991699
771991699
779568770
779568770
787305311
787305311
788870047
788870047
799669493
799669493
800686199
800686199
803777562
803777562
813460434
813460434
824786083
824786083
830995627
830995627
840706124
840706124
848310367
848310367
853228157
853228157
861960770
861960770
867983292
867983292
879521260
879521260
880228680
880228680
880648397
880648397
889785323
889785323
894142125
894142125
895330125
895330125
899550673
899550673
908288746
908288746
917284633
917284633
926465110
926465110
936002216
936002216
945315779
945315779
952418903
952418903
952419324
952419324
963789868
963789868
968460668
968460668
970927026
970927026
972553299
972553299
974410361
974410361
981528230
981528230
985855032
985855032
985927898
985927898
995473721
995473721
998188962
998188962
1000679977
1000679977
1012257071
1012257071
1019712243
1019712243
1024138214
1024138214
1025485521
1025485521
1035410103
1035410103
1045533646
1045533646
1053660307
1053660307
1059002812
1059002812
1061495595
1061495595
1067032292
1067032292
1073210988
1073210988
1080188569
1080188569
1091927817
1091927817
1095337425
1095337425
1102062763
1102062763
1104408388
1104408388
1109286116
1109286116
1120136692
1120136692
1131295430
1131295430
1141462228
1141462228
1148514715
1148514715
1154348870
1154348870
1160583992
1160583992
1165091578
1165091578
1170197101
1170197101
1180698697
1180698697
1191285261
1191285261
1191796326
1191796326
1196844850
1196844850
1197564314
1197564314
1204676863
1204676863
1206342904
1206342904
1211452717
1211452717
1217102127
1217102127
1218958155
1218958155
1224987631
1224987631
1233544478
1233544478
1236782385
1236782385
1243121111
1243121111
1243713928
1243713928
1249679917
1249679917
1257298261
1257298261
1257672630
1257672630
1260368712
1260368712
1262318769
1262318769
1268072007
1268072007
1274812474
1274812474
1277957133
1277957133
1283263910
1283263910
1287111601
1287111601
1298579336
1298579336
1310158458
1310158458
1315797208
1315797208
1316128007
1316128007
1326610942
1326610942
1335655177
1335655177
1335791198
1335791198
1337250360
1337250360
1347022538
1347022538
1358110999
1358110999
1360619385
1360619385
1372483526
1372483526
1376571712
1376571712
1385878954
1385878954
1398053870
1398053870
1400614948
1400614948
1406412846
1406412846
1412302122
1412302122
1418320824
1418320824
1423114032
1423114032
1427504441
1427504441
1433563836
1433563836
1433804356
1433804356
1438314874
1438314874
1442179074
1442179074
1451848541
1451848541
1453339514
1453339514
1455962223
1455962223
1464652722
1464652722
1469703677
1469703677
1476087051
1476087051
1486960558
1486960558
1494490986
1494490986
1499489045
1499489045
1500452374
1500452374
1502741989
1502741989
1505147350
1505147350
1514979923
1514979923
1516321247
1516321247
1525530971
1525530971
1527364482
1527364482
1532746080
1532746080
1540018694
1540018694
1548133258
1548133258
1557871390
1557871390
1561929750
1561929750
1566020404
1566020404
1574289653
1574289653
1575565125
1575565125
1585262322
1585262322
1595623133
1595623133
1596123529
1596123529
1598508888
1598508888
1604522419
1604522419
1613947325
1613947325
1620337922
1620337922
1628615661
1628615661
1640784689
1640784689
1652558917
1652558917
1660546202
1660546202
1667630499
1667630499
1675013295
1675013295
1685511157
1685511157
1694839875
1694839875
1697951153
1697951153
1709444001
1709444001
1713301893
1713301893
1722858354
1722858354
1723737742
1723737742
1724301074
1724301074
1731653731
1731653731
1738917519
1738917519
1744630605
1744630605
1751641953
1751641953
1757217333
1757217333
1759482614
1759482614
1768405051
1768405051
1772579910
1772579910
1780392010
1780392010
1788844114
1788844114
1795977082
1795977082
1797636080
1797636080
1805617263
1805617263
1812727006
1812727006
1814066805
1814066805
1817664969
1817664969
1818710481
1818710481
1821439130
1821439130
1832311222
1832311222
1836229489
1836229489
1844204985
1844204985
1851631829
1851631829
1857383690
1857383690
1861214603
1861214603
1865230086
1865230086
1877205189
1877205189
1882092015
1882092015
1882281506
1882281506
1886859378
1886859378
1898526320
1898526320
1898809128
1898809128
1900983807
1900983807
1905519067
1905519067
1915109683
1915109683
1921446174
1921446174
1931245689
1931245689
1934063098
1934063098
1935841295
1935841295
1944257242
1944257242
1955947737
1955947737
1958948269
1958948269
1966574972
1966574972
1974903713
1974903713
1984353292
1984353292
1985688988
1985688988
1986568980
1986568980
1987795283
1987795283
1988707870
1988707870
2000151954
2000151954
2003854006
2003854006
2009879055
2009879055
2018515413
2018515413
2022222868
2022222868
2030593392
2030593392
2035259157
2035259157
2035676715
2035676715
2042896828
2042896828
2044672198
2044672198
2048115178
2048115178
2055253859
2055253859
2056975584
2056975584
2069070055
2069070055
2069691019
2069691019
2078146671
2078146671
2085692130
2085692130
2090374297
2090374297
2100721796
2100721796
2110939635
2110939635
2117825157
2117825157
2128962758
2128962758
2134307452
2134307452
2136808222
2136808222
2138437791
2138437791
2139426760
2139426760
2150933325
2150933325
2156040346
2156040346
2157263597
2157263597
2168058228
2168058228
2176779642
2176779642
2177879378
2177879378
2183179821
2183179821
2190369254
2190369254
2193563416
2193563416
2201442541
2201442541
2205715068
2205715068
2214412021
2214412021
2224881806
2224881806
2230631185
2230631185
2234294403
2234294403
2242007409
2242007409
2254003816
2254003816
2265020744
2265020744
2271076330
2271076330
2271450980
2271450980
2274459364
2274459364
2280885148
2280885148
2283600874
2283600874
2292824052
2292824052
2302199714
2302199714
2304156766
2304156766
2305619025
2305619025
2309407488
2309407488
2315792708
2315792708
2316183105
2316183105
2321196243
2321196243
2332014664
2332014664
2343157200
2343157200
2343241718
2343241718
2346637480
2346637480
2354122331
2354122331
2360059273
2360059273
2370142831
2370142831
2370293056
2370293056
2375833230
2375833230
2384823665
2384823665
2395142417
2395142417
2397784033
2397784033
2407893446
2407893446
2413201943
2413201943
2414584143
2414584143
2425464577
2425464577
2428763092
2428763092
2429352634
2429352634
2440462381
2440462381
2448330034
2448330034
2459448552
2459448552
2466800659
2466800659
2478229118
2478229118
2485876352
2485876352
2492118245
2492118245
2498358345
2498358345
2501598195
2501598195
2508331385
2508331385
2517111188
2517111188
2522993737
2522993737
2524824851
2524824851
2528264292
2528264292
2536076081
2536076081
2540438768
2540438768
2550295295
2550295295
2554064275
2554064275
2564644511
2564644511
2567040485
2567040485
2572570171
2572570171
2576515959
2576515959
2585349307
2585349307
2590940523
2590940523
2597871024
2597871024
2598032442
2598032442
2599197840
2599197840
2610103275
2610103275
2621204007
2621204007
2621394021
2621394021
2626610654
2626610654
2635187963
2635187963
2636361371
2636361371
2639336746
2639336746
2651480237
2651480237
2656827458
2656827458
2667376205
2667376205
2673202119
2673202119
2678888435
2678888435
2680779934
2680779934
2681865701
2681865701
2685432780
2685432780
2687737611
2687737611
2688896932
2688896932
2689476122
2689476122
2697183500
2697183500
2708716620
2708716620
2718793392
2718793392
2725188982
2725188982
2732768773
2732768773
2738429436
2738429436
2743106182
2743106182
2743139444
2743139444
2752895784
2752895784
2762314119
2762314119
2774220378
2774220378
2783387942
2783387942
2795007271
2795007271
2805822897
2805822897
2812447065
2812447065
2816543575
2816543575
2823368093
2823368093
2825294643
2825294643
2825734770
2825734770
2837300286
2837300286
2839445172
2839445172
2843587146
2843587146
2852753894
2852753894
2862562792
2862562792
2870646226
2870646226
2873496899
2873496899
2882163620
2882163620
2883615137
2883615137
2889093435
2889093435
2899659458
2899659458
2910620910
2910620910
2913113945
2913113945
2914515130
2914515130
2916548173
2916548173
2927010311
2927010311
2928296285
2928296285
2929391417
2929391417
2938998895
2938998895
2946221482
2946221482
2954049972
2954049972
2957997095
2957997095
2963203626
2963203626
2966612571
2966612571
2967979343
2967979343
2979061184
2979061184
2979267499
2979267499
2983937984
2983937984
2994763430
2994763430
3006416139
3006416139
3013944742
3013944742
3023981179
3023981179
3028885891
3028885891
3039564500
3039564500
3040680497
3040680497
3041668530
3041668530
3044502638
3044502638
3049177865
3049177865
3051298816
3051298816
3057228152
3057228152
3058069760
3058069760
3060857577
3060857577
3067898694
3067898694
3075978312
3075978312
3082934781
3082934781
3087706750
3087706750
3092177142
3092177142
3094854727
3094854727
3104758558
3104758558
3116061405
3116061405
3124061963
3124061963
3134068037
3134068037
3138977211
3138977211
3145746456
3145746456
3149242458
3149242458
3157703695
3157703695
3168841187
3168841187
3172627027
3172627027
3183345032
3183345032
3192284954
3192284954
3195545036
3195545036
3205971535
3205971535
3216355211
3216355211
3223632816
3223632816
3232465948
3232465948
3244561188
3244561188
3248319153
3248319153
3257459425
3257459425
3258569763
3258569763
3267783735
3267783735
3269290586
3269290586
3275110184
3275110184
3280355706
3280355706
3283836466
3283836466
3285678419
3285678419
3294288218
3294288218
3301948442
3301948442
3309990835
3309990835
3321218149
3321218149
3329664794
3329664794
3333886499
3333886499
3336769256
3336769256
3344972761
3344972761
3346848510
3346848510
3352390795
3352390795
3363649940
3363649940
3375267522
3375267522
3384508001
3384508001
3385508061
3385508061
3386103825
3386103825
3392316211
3392316211
3396674274
3396674274
3399111166
3399111166
3407526708
3407526708
3407554082
3407554082
3409208030
3409208030
3419578339
3419578339
3421823335
3421823335
3426175058
3426175058
3435337438
3435337438
3443281806
3443281806
3455171369
3455171369
3466226046
3466226046
3475743615
3475743615
3484032070
3484032070
3487439415
3487439415
3499158220
3499158220
3508934551
3508934551
3519495565
3519495565
3519887042
3519887042
3524989720
3524989720
3529308833
3529308833
3534584902
3534584902
3540155846
3540155846
3542754313
3542754313
3547243922
3547243922
3547914238
3547914238
3548849761
3548849761
3549117760
3549117760
3554837009
3554837009
3556312933
3556312933
3560280424
3560280424
3561070218
3561070218
3561419910
3561419910
3563466517
3563466517
3567652043
3567652043
3569270572
3569270572
3571795284
3571795284
3575035027
3575035027
3576414012
3576414012
3577255445
3577255445
3582172568
3582172568
3592429995
3592429995
3603730453
3603730453
3611895578
3611895578
3619406429
3619406429
3628727888
3628727888
3639280584
3639280584
3649429991
3649429991
3658135238
3658135238
3670265817
3670265817
3672303377
3672303377
3680777687
3680777687
3686125008
3686125008
3692882661
3692882661
3693020526
3693020526
3694252275
3694252275
3699806524
3699806524
3701618519
3701618519
3709933987
3709933987
3711178502
3711178502
3712906045
3712906045
3721910099
3721910099
3724924602
3724924602
3729453905
3729453905
3730297014
3730297014
3741123962
3741123962
3746911075
3746911075
3757198604
3757198604
3758783588
3758783588
3767261493
3767261493
3772576149
3772576149
3782586285
3782586285
3788382800
3788382800
3790221351
3790221351
3793485454
3793485454
3799183729
3799183729
3802813171
3802813171
3807629445
3807629445
3816163262
3816163262
3817846849
3817846849
3827138928
3827138928
3833231347
3833231347
3836500188
3836500188
3837958563
3837958563
3841086617
3841086617
3846257583
3846257583
3855840453
3855840453
3857887970
3857887970
3866918707
3866918707
3869576762
3869576762
3874425066
3874425066
3884037048
3884037048
3890759961
3890759961
3895834699
3895834699
3896060145
3896060145
3896322696
3896322696
3899287044
3899287044
3909489711
3909489711
3915779222
3915779222
3921896994
3921896994
3930123774
3930123774
3934786777
3934786777
3941809688
3941809688
3947079720
3947079720
3956071844
3956071844
3956883976
3956883976
3962167343
3962167343
3967524754
3967524754
3972107406
3972107406
3979508218
3979508218
3984844050
3984844050
3990762209
3990762209
4002304381
4002304381
4009050653
4009050653
4021153869
4021153869
4024772789
4024772789
4029077875
4029077875
4035550597
4035550597
4038092103
4038092103
4044873923
4044873923
4054072485
4054072485
4060489456
4060489456
4068362515
4068362515
4079443865
4079443865
4082326568
4082326568
4093018246
4093018246
4099450236
4099450236
4107102126
4107102126
4108226094
4108226094
4120016890
4120016890
4121461523
4121461523
4132883069
4132883069
4137543282
4137543282
4143670824
4143670824
4146057559
4146057559
4149461721
4149461721
4155660758
4155660758
4162189980
4162189980
4163132465
4163132465
4173846712
4173846712
4181375993
4181375993
4188284376
4188284376
4197326549
4197326549
4208540560
4208540560
4218341110
4218341110
4220561965
4220561965
4225982917
4225982917
4226584278
4226584278
4232687031
4232687031
4242602701
4242602701
4244648590
4244648590
4248542438
4248542438
4251922803
4251922803
4254812086
4254812086
4261380837
4261380837
4271550514
4271550514
4283480961
4283480961
4293541595
4293541595
4298727196
4298727196
4298803948
4298803948
4306397242
4306397242
4312832767
4312832767
4314884146
4314884146
4321264700
4321264700
4321509228
4321509228
4325388778
4325388778
4327593808
4327593808
4329917728
4329917728
4339475238
4339475238
4349342015
4349342015
4359801810
4359801810
4371040662
4371040662
4377920551
4377920551
4387216252
4387216252
4387639548
4387639548
4394779062
4394779062
4402774577
4402774577
4404094001
4404094001
4414303891
4414303891
4416854198
4416854198
4422534054
4422534054
4431822898
4431822898
4432889820
4432889820
4433637023
4433637023
4444024619
4444024619
4454289539
4454289539
4457779101
4457779101
4462567459
4462567459
4463465654
4463465654
4469822964
4469822964
4471578897
4471578897
4478132288
4478132288
4489254856
4489254856
4495008743
4495008743
4505639907
4505639907
4506648239
4506648239
4517822250
4517822250
4527161702
4527161702
4538810849
4538810849
4548138222
4548138222
4558868084
4558868084
4568978396
4568978396
4574197483
4574197483
4576259098
4576259098
4585537348
4585537348
4596571854
4596571854
4599115941
4599115941
4602987986
4602987986
4606339389
4606339389
4609601349
4609601349
4619622847
4619622847
4630791886
4630791886
4637691045
4637691045
4648108932
4648108932
4655796969
4655796969
4657623143
4657623143
4660568539
4660568539
4670635476
4670635476
4677190558
4677190558
4688943761
4688943761
4695500231
4695500231
4697181231
4697181231
4701374879
4701374879
4701901654
4701901654
4713717090
4713717090
4714274391
4714274391
4715590407
4715590407
4721105434
4721105434
4721728725
4721728725
4732462995
4732462995
4734631403
4734631403
4744756875
4744756875
4748883528
4748883528
4752680633
4752680633
4755338324
4755338324
4763646922
4763646922
4766143416
4766143416
4769243474
4769243474
4774837914
4774837914
4783547586
4783547586
4791523286
4791523286
4802747455
4802747455
4806136149
4806136149
4806136980
4806136980
4813154747
4813154747
4823093126
4823093126
4828586593
4828586593
4830946048
4830946048
4843175552
4843175552
4854143070
4854143070
4856339158
4856339158
4860782801
4860782801
4869051644
4869051644
4880459498
4880459498
4891491164
4891491164
4902504322
4902504322
4906488478
4906488478
4908951281
4908951281
4915476002
4915476002
4924846709
4924846709
4936848028
4936848028
4937493581
4937493581
4943675181
4943675181
4950162214
4950162214
4952148655
4952148655
4955703722
4955703722
4959891562
4959891562
4967239291
4967239291
4969837123
4969837123
4979048656
4979048656
4990068013
4990068013
4997398588
4997398588
5008148306
5008148306
5008173445
5008173445
5016053329
5016053329
5016863505
5016863505
5019959681
5019959681
5024216205
5024216205
5036169517
5036169517
5036296886
5036296886
5047163640
5047163640
5053853804
5053853804
5058955478
5058955478
5061379204
5061379204
5067419860
5067419860
5075028582
5075028582
5075353555
5075353555
5086745527
5086745527
5090535769
5090535769
5098412364
5098412364
5108319413
5108319413
5109452279
5109452279
5112504062
5112504062
5116438488
5116438488
5123776981
5123776981
5135049120
5135049120
5145936583
5145936583
5157321769
5157321769
5157353968
5157353968
5166579280
5166579280
5170572106
5170572106
5171946349
5171946349
5180922313
5180922313
5185239663
5185239663
5194170224
5194170224
5203710442
5203710442
5207943199
5207943199
5216605124
5216605124
5227999330
5227999330
5236813341
5236813341
5240761180
5240761180
5243254698
5243254698
5246040147
5246040147
5252045513
5252045513
5256398066
5256398066
5260035682
5260035682
5260956583
5260956583
5272178353
5272178353
5279517252
5279517252
5288642375
5288642375
5290363673
5290363673
5298170380
5298170380
5299823276
5299823276
5309542730
5309542730
5314329310
5314329310
5319168727
5319168727
5330011933
5330011933
5334608889
5334608889
5344900484
5344900484
5356459240
5356459240
5366901114
5366901114
5376005618
5376005618
5382692437
5382692437
5390021063
5390021063
5390963094
5390963094
5397898387
5397898387
5400323656
5400323656
5405459944
5405459944
5411519934
5411519934
5420721428
5420721428
5425260122
5425260122
5426438288
5426438288
5432089404
5432089404
5436743230
5436743230
5446386816
5446386816
5451804446
5451804446
5454340121
5454340121
5464194252
5464194252
5469375154
5469375154
5473079672
5473079672
5476504136
5476504136
5487949277
5487949277
5499008804
5499008804
5509999664
5509999664
5517640586
5517640586
5523402250
5523402250
5535116823
5535116823
5537795632
5537795632
5538042835
5538042835
5546882144
5546882144
5556472994
5556472994
5561009005
5561009005
5567809659
5567809659
5572640825
5572640825
5574950188
5574950188
5576712886
5576712886
5578188462
5578188462
5579083818
5579083818
5583665400
5583665400
5595339875
5595339875
5598924124
5598924124
5608782144
5608782144
5613035314
5613035314
5622059206
5622059206
5631049606
5631049606
5632624446
5632624446
5634009741
5634009741
5635375670
5635375670
5645727308
5645727308
5652413225
5652413225
5656093936
5656093936
5659340828
5659340828
5668173604
5668173604
5669390036
5669390036
5676766648
5676766648
5678401459
5678401459
5687043045
5687043045
5698745899
5698745899
5710288257
5710288257
5713664805
5713664805
5724546156
5724546156
5728661518
5728661518
5734638314
5734638314
5739222234
5739222234
5751362890
5751362890
5761835754
5761835754
5771507664
5771507664
5774439587
5774439587
5780964708
5780964708
5783945285
5783945285
5787084147
5787084147
5791025246
5791025246
5798695217
5798695217
5801610563
5801610563
5803712214
5803712214
5808068715
5808068715
5809476062
5809476062
5810227298
5810227298
5822096317
5822096317
5831388269
5831388269
5840024705
5840024705
5844302289
5844302289
5854103123
5854103123
5866051309
5866051309
5870418370
5870418370
5880752932
5880752932
5887521467
5887521467
5888296501
5888296501
5888736067
5888736067
5896362490
5896362490
5907276198
5907276198
5907997867
5907997867
5919280761
5919280761
5919752183
5919752183
5925910926
5925910926
5928457599
5928457599
5932908927
5932908927
5937847207
5937847207
5942258887
5942258887
5949599696
5949599696
5951957298
5951957298
5963026884
5963026884
5967767767
5967767767
5970707631
5970707631
5982061226
5982061226
5989998748
5989998748
6000321443
6000321443
6008468373
6008468373
6014435213
6014435213
6026598996
6026598996
6028251217
6028251217
6032266002
6032266002
6040520509
6040520509
6050513243
6050513243
6052341672
6052341672
6058078340
6058078340
6068356767
6068356767
6077754722
6077754722
6084181584
6084181584
6086218307
6086218307
6089569814
6089569814
6093148491
6093148491
6094573898
6094573898
6097894722
6097894722
6107397217
6107397217
6109920069
6109920069
6117150024
6117150024
6127224095
6127224095
6136802659
6136802659
6148582613
6148582613
6151108962
6151108962
6162537290
6162537290
6169013179
6169013179
6177072734
6177072734
6178057163
6178057163
6189838104
6189838104
6200192371
6200192371
6201342894
6201342894
6209655534
6209655534
6211540997
6211540997
6220509584
6220509584
6224237785
6224237785
6235535092
6235535092
6239226681
6239226681
6241370668
6241370668
6245285433
6245285433
6250597113
6250597113
6258928629
6258928629
6269079737
6269079737
6277598191
6277598191
6278327578
6278327578
6280350270
6280350270
6281246377
6281246377
6290950603
6290950603
6298532597
6298532597
6303495645
6303495645
6314239915
6314239915
6325169201
6325169201
6326054720
6326054720
6334645584
6334645584
6340190164
6340190164
6350096731
6350096731
6360756422
6360756422
6366926162
6366926162
6369390376
6369390376
6370704464
6370704464
6377626298
6377626298
6382942482
6382942482
6386245691
6386245691
6394969749
6394969749
6400498785
6400498785
6407041822
6407041822
6407808145
6407808145
6415115432
6415115432
6416313332
6416313332
6421172973
6421172973
6431827261
6431827261
6440215994
6440215994
6448238712
6448238712
6449428958
6449428958
6452012518
6452012518
6454838963
6454838963
6456720861
6456720861
6463344979
6463344979
6473921213
6473921213
6477324977
6477324977
6486104786
6486104786
6491038643
6491038643
6495225881
6495225881
6501000004
6501000004
6509783437
6509783437
6513837203
6513837203
6514204474
6514204474
6515356948
6515356948
6519740338
6519740338
6522856881
6522856881
6533463336
6533463336
6543795031
6543795031
6555196674
6555196674
6559713204
6559713204
6564602719
6564602719
6568804120
6568804120
6580168018
6580168018
6583745188
6583745188
6588071816
6588071816
6596552737
6596552737
6599148011
6599148011
6600357682
6600357682
6605428575
6605428575
6608959378
6608959378
6613265946
6613265946
6618615277
6618615277
6620912920
6620912920
6630017889
6630017889
6641016812
6641016812
6643910114
6643910114
6650434030
6650434030
6657358074
6657358074
6659502957
6659502957
6665879145
6665879145
6670465172
6670465172
6677119351
6677119351
6677954411
6677954411
6685870382
6685870382
6690683154
6690683154
6698513115
6698513115
6701054781
6701054781
6709214696
6709214696
6711370022
6711370022
6717179128
6717179128
6728761782
6728761782
6729086253
6729086253
6733378455
6733378455
6743240526
6743240526
6748454088
6748454088
6752993448
6752993448
6753446175
6753446175
6755858433
6755858433
6765660119
6765660119
6767139522
6767139522
6772784434
6772784434
6774985493
6774985493
6775825263
6775825263
6780839793
6780839793
6788666070
6788666070
6798851734
6798851734
6799690103
6799690103
6805929269
6805929269
6812138522
6812138522
6815333528
6815333528
6821953267
6821953267
6830528826
6830528826
6838155840
6838155840
6846822915
6846822915
6848335087
6848335087
6859553362
6859553362
6871569187
6871569187
6872204945
6872204945
6881202230
6881202230
6883992372
6883992372
6893751363
6893751363
6903842739
6903842739
6908466407
6908466407
6912692376
6912692376
6916626755
6916626755
6922448988
6922448988
6928436773
6928436773
6928743337
6928743337
6940887307
6940887307
6946706109
6946706109
6957328141
6957328141
6959501484
6959501484
6964979804
6964979804
6971180890
6971180890
6975479758
6975479758
6978808537
6978808537
6991014439
6991014439
6997840909
6997840909
7005847826
7005847826
7006780828
7006780828
7009482282
7009482282
7011778007
7011778007
7018907972
7018907972
7021415201
7021415201
7033389390
7033389390
7040299819
7040299819
7052229114
7052229114
7062628763
7062628763
7068123892
7068123892
7079458249
7079458249
7090980626
7090980626
7092353124
7092353124
7094176744
7094176744
7097438646
7097438646
7106938623
7106938623
7114134907
7114134907
7126034385
7126034385
7137614786
7137614786
7141788955
7141788955
7144284769
7144284769
7149572433
7149572433
7154016704
7154016704
7160122007
7160122007
7169370213
7169370213
7172441482
7172441482
7176431556
7176431556
7178789242
7178789242
7181246150
7181246150
7183047910
7183047910
7183811347
7183811347
7192964014
7192964014
7200876994
7200876994
7210424653
7210424653
7219298984
7219298984
7226902846
7226902846
7229308245
7229308245
7239939470
7239939470
7251435554
7251435554
7258962594
7258962594
7263708205
7263708205
7269209998
7269209998
7279734182
7279734182
7281447908
7281447908
7285651285
7285651285
7296648662
7296648662
7301533396
7301533396
7309856787
7309856787
7321093191
7321093191
7323347181
7323347181
7333512001
7333512001
7343851447
7343851447
7345802746
7345802746
7351466911
7351466911
7359867417
7359867417
7371138483
7371138483
7378081002
7378081002
7381807183
7381807183
7391377238
7391377238
7399773972
7399773972
7402502049
7402502049
7411632990
7411632990
7416489637
7416489637
7420770598
7420770598
7432286527
7432286527
7439837622
7439837622
7445567316
7445567316
7456264025
7456264025
7464994330
7464994330
7476675882
7476675882
7481964329
7481964329
7489179494
7489179494
7498811806
7498811806
7506665069
7506665069
7512332212
7512332212
7513528772
7513528772
7524097066
7524097066
7535345514
7535345514
7536016334
7536016334
7546535026
7546535026
7551075607
7551075607
7558623379
7558623379
7570212406
7570212406
7572983179
7572983179
7583174928
7583174928
7589452072
7589452072
7596609649
7596609649
7599311530
7599311530
7600524524
7600524524
7606566036
7606566036
7608481281
7608481281
7609217215
7609217215
7615393259
7615393259
7627543386
7627543386
7639064402
7639064402
7651234887
7651234887
7653820923
7653820923
7658583347
7658583347
7664338011
7664338011
7669660599
7669660599
7680877551
7680877551
7691689098
7691689098
7696857958
7696857958
7699513947
7699513947
7711658769
7711658769
7717244750
7717244750
7724021523
7724021523
7728501266
7728501266
7730557107
7730557107
7735720892
7735720892
7745905102
7745905102
7756467078
7756467078
7757875631
7757875631
7763678675
7763678675
7774694855
7774694855
7784459429
7784459429
7793199648
7793199648
7796143699
7796143699
7797617122
7797617122
7802519411
7802519411
7803349533
7803349533
7806337699
7806337699
7810817581
7810817581
7815642751
7815642751
7819451586
7819451586
7819522690
7819522690
7823110872
7823110872
7826007313
7826007313
7833729104
7833729104
7840147636
7840147636
7850964000
7850964000
7851903048
7851903048
7852809184
7852809184
7853965136
7853965136
7862915552
7862915552
7871719094
7871719094
7874977495
7874977495
7884476342
7884476342
7893525341
7893525341
7902247416
7902247416
7913986511
7913986511
7920277039
7920277039
7924267597
7924267597
7927065864
7927065864
7932081890
7932081890
7939835061
7939835061
7943313423
7943313423
7947392181
7947392181
7953693842
7953693842
7954595613
7954595613
7962661161
7962661161
7962678030
7962678030
7964910906
7964910906
7977045453
7977045453
7982801377
7982801377
7988456939
7988456939
7992722809
7992722809
8004706665
8004706665
8005296090
8005296090
8015580595
8015580595
8018333753
8018333753
8026670620
8026670620
8030384282
8030384282
8034475841
8034475841
8045412311
8045412311
8053907435
8053907435
8065670939
8065670939
8067944093
8067944093
8074538014
8074538014
8077714110
8077714110
8082449005
8082449005
8090750353
8090750353
8099691017
8099691017
8107388904
8107388904
8118593328
8118593328
8130292665
8130292665
8142127406
8142127406
8154156782
8154156782
8159980930
8159980930
8167352251
8167352251
8176217809
8176217809
8187232551
8187232551
8187644239
8187644239
8191720302
8191720302
8203196574
8203196574
8213459192
8213459192
8214234647
8214234647
8217499870
8217499870
8221617061
8221617061
8231469794
8231469794
8231971471
8231971471
8236250278
8236250278
8238328459
8238328459
8247411576
8247411576
8256984199
8256984199
8269086959
8269086959
8279651987
8279651987
8287755028
8287755028
8296460770
8296460770
8303964599
8303964599
8307770107
8307770107
8311825168
8311825168
8313056001
8313056001
8313465131
8313465131
8315830633
8315830633
8318154629
8318154629
8326140875
8326140875
8327788177
8327788177
8333924167
8333924167
8342844028
8342844028
8349356758
8349356758
8357847565
8357847565
8358485233
8358485233
8363086448
8363086448
8370614544
8370614544
8378345858
8378345858
8378813177
8378813177
8390972954
8390972954
8400108245
8400108245
8411011835
8411011835
8423079589
8423079589
8424709682
8424709682
8435267150
8435267150
8439056255
8439056255
8447896052
8447896052
8449589774
8449589774
8458131955
8458131955
8465183650
8465183650
8476461421
8476461421
8477722285
8477722285
8487611258
8487611258
8491535930
8491535930
8492254733
8492254733
8497492449
8497492449
8508856574
8508856574
8510030742
8510030742
8513563081
8513563081
8524114118
8524114118
8535233184
8535233184
8541766556
8541766556
8547876258
8547876258
8554253240
8554253240
8561533397
8561533397
8571724198
8571724198
8574345894
8574345894
8582896624
8582896624
8585723598
8585723598
8594875899
8594875899
8597318835
8597318835
8601542868
8601542868
8612527234
8612527234
8616669579
8616669579
8623529182
8623529182
8628413522
8628413522
8639384790
8639384790
8642577980
8642577980
8649854511
8649854511
8656339838
8656339838
8664293008
8664293008
8674922135
8674922135
8681785869
8681785869
8687322864
8687322864
8692204433
8692204433
8693164900
8693164900
8702050206
8702050206
8710088197
8710088197
8710423217
8710423217
8718244017
8718244017
8718846676
8718846676
8725226640
8725226640
8728726696
8728726696
8730590391
8730590391
8738818008
8738818008
8741882741
8741882741
8750701573
8750701573
8752021418
8752021418
8760562558
8760562558
8772637630
8772637630
8778542767
8778542767
8780281471
8780281471
8788659852
8788659852
8792487034
8792487034
8799436581
8799436581
8810648961
8810648961
8822828109
8822828109
8825962281
8825962281
8837784432
8837784432
8840280837
8840280837
8843658704
8843658704
8847821556
8847821556
8850691998
8850691998
8855704399
8855704399
8858885728
8858885728
8863335861
8863335861
8869945010
8869945010
8877948237
8877948237
8887678003
8887678003
8893203095
8893203095
8898574820
8898574820
8903816663
8903816663
8908944623
8908944623
8919137582
8919137582
8923896384
8923896384
8927597867
8927597867
8933876638
8933876638
8938031101
8938031101
8941443702
8941443702
8947793414
8947793414
8950427941
8950427941
8955792078
8955792078
8964838507
8964838507
8973063441
8973063441
8978356630
8978356630
8985176070
8985176070
8996208938
8996208938
9003927083
9003927083
9004024318
9004024318
9011268345
9011268345
9019410546
9019410546
9024939296
9024939296
9036317301
9036317301
9044656277
9044656277
9048127653
9048127653
9057271696
9057271696
9069119285
